2025-06-06 15:18:07,230 - __main__ - INFO - Refreshing market data...
2025-06-06 15:18:07,386 - werkzeug - INFO - [31m[1mWARNING: This is a development server. Do not use it in a production deployment. Use a production WSGI server instead.[0m
 * Running on all addresses (0.0.0.0)
 * Running on http://127.0.0.1:5000
 * Running on http://192.168.85.175:5000
2025-06-06 15:18:07,386 - werkzeug - INFO - [33mPress CTRL+C to quit[0m
2025-06-06 15:18:07,403 - werkzeug - INFO -  * Restarting with stat
2025-06-06 15:18:09,219 - __main__ - INFO - Refreshing market data...
2025-06-06 15:18:09,238 - werkzeug - WARNING -  * Debugger is active!
2025-06-06 15:18:09,243 - werkzeug - INFO -  * Debugger PIN: 948-022-834
2025-06-06 15:18:21,208 - __main__ - WARNING - Risk assessment failed: 'RiskManager' object has no attribute 'detect_market_anomalies'
2025-06-06 15:18:21,209 - __main__ - INFO - Data refresh completed successfully
2025-06-06 15:18:22,220 - __main__ - WARNING - Risk assessment failed: 'RiskManager' object has no attribute 'detect_market_anomalies'
2025-06-06 15:18:22,223 - __main__ - INFO - Data refresh completed successfully
2025-06-06 15:18:58,025 - werkzeug - INFO - 127.0.0.1 - - [06/Jun/2025 15:18:58] "[33mGET /favicon.ico HTTP/1.1[0m" 404 -
2025-06-06 15:19:21,211 - __main__ - INFO - Refreshing market data...
2025-06-06 15:19:22,227 - __main__ - INFO - Refreshing market data...
2025-06-06 15:19:22,995 - __main__ - WARNING - Risk assessment failed: 'RiskManager' object has no attribute 'detect_market_anomalies'
2025-06-06 15:19:22,996 - __main__ - INFO - Data refresh completed successfully
2025-06-06 15:19:23,400 - __main__ - WARNING - Risk assessment failed: 'RiskManager' object has no attribute 'detect_market_anomalies'
2025-06-06 15:19:23,401 - __main__ - INFO - Data refresh completed successfully
2025-06-06 15:20:22,997 - __main__ - INFO - Refreshing market data...
2025-06-06 15:20:23,401 - __main__ - INFO - Refreshing market data...
2025-06-06 15:20:30,490 - __main__ - WARNING - Risk assessment failed: 'RiskManager' object has no attribute 'detect_market_anomalies'
2025-06-06 15:20:30,491 - __main__ - INFO - Data refresh completed successfully
2025-06-06 15:20:30,802 - __main__ - WARNING - Risk assessment failed: 'RiskManager' object has no attribute 'detect_market_anomalies'
2025-06-06 15:20:30,803 - __main__ - INFO - Data refresh completed successfully
2025-06-06 15:20:53,295 - werkzeug - INFO - 127.0.0.1 - - [06/Jun/2025 15:20:53] "GET /api/signals HTTP/1.1" 200 -
2025-06-06 15:20:53,573 - werkzeug - INFO - 127.0.0.1 - - [06/Jun/2025 15:20:53] "GET /api/signals HTTP/1.1" 200 -
2025-06-06 15:20:53,617 - werkzeug - INFO - 127.0.0.1 - - [06/Jun/2025 15:20:53] "GET /api/signals HTTP/1.1" 200 -
2025-06-06 15:20:53,893 - werkzeug - INFO - 127.0.0.1 - - [06/Jun/2025 15:20:53] "GET /api/signals HTTP/1.1" 200 -
2025-06-06 15:21:30,228 - werkzeug - INFO - 127.0.0.1 - - [06/Jun/2025 15:21:30] "[33mGET /favicon.ico HTTP/1.1[0m" 404 -
2025-06-06 15:21:30,238 - werkzeug - INFO - 127.0.0.1 - - [06/Jun/2025 15:21:30] "[33mGET /main.d827c8b91e194d3a6201.hot-update.json HTTP/1.1[0m" 404 -
2025-06-06 15:21:30,494 - __main__ - INFO - Refreshing market data...
2025-06-06 15:21:30,522 - werkzeug - INFO - 127.0.0.1 - - [06/Jun/2025 15:21:30] "GET /api/signals HTTP/1.1" 200 -
2025-06-06 15:21:30,787 - werkzeug - INFO - 127.0.0.1 - - [06/Jun/2025 15:21:30] "GET /api/signals HTTP/1.1" 200 -
2025-06-06 15:21:30,804 - __main__ - INFO - Refreshing market data...
2025-06-06 15:21:30,835 - werkzeug - INFO - 127.0.0.1 - - [06/Jun/2025 15:21:30] "GET /api/signals HTTP/1.1" 200 -
2025-06-06 15:21:31,097 - werkzeug - INFO - 127.0.0.1 - - [06/Jun/2025 15:21:31] "GET /api/signals HTTP/1.1" 200 -
2025-06-06 15:21:31,128 - werkzeug - INFO - 127.0.0.1 - - [06/Jun/2025 15:21:31] "GET /api/signals HTTP/1.1" 200 -
2025-06-06 15:21:31,440 - werkzeug - INFO - 127.0.0.1 - - [06/Jun/2025 15:21:31] "GET /api/signals HTTP/1.1" 200 -
2025-06-06 15:21:31,704 - werkzeug - INFO - 127.0.0.1 - - [06/Jun/2025 15:21:31] "GET /api/signals HTTP/1.1" 200 -
2025-06-06 15:21:31,751 - werkzeug - INFO - 127.0.0.1 - - [06/Jun/2025 15:21:31] "GET /api/signals HTTP/1.1" 200 -
2025-06-06 15:21:36,988 - __main__ - WARNING - Risk assessment failed: 'RiskManager' object has no attribute 'detect_market_anomalies'
2025-06-06 15:21:36,989 - __main__ - INFO - Data refresh completed successfully
2025-06-06 15:21:37,242 - __main__ - WARNING - Risk assessment failed: 'RiskManager' object has no attribute 'detect_market_anomalies'
2025-06-06 15:21:37,243 - __main__ - INFO - Data refresh completed successfully
2025-06-06 15:22:36,990 - __main__ - INFO - Refreshing market data...
2025-06-06 15:22:37,244 - __main__ - INFO - Refreshing market data...
2025-06-06 15:22:44,326 - __main__ - WARNING - Risk assessment failed: 'RiskManager' object has no attribute 'detect_market_anomalies'
2025-06-06 15:22:44,326 - __main__ - INFO - Data refresh completed successfully
2025-06-06 15:22:50,444 - __main__ - WARNING - Risk assessment failed: 'RiskManager' object has no attribute 'detect_market_anomalies'
2025-06-06 15:22:50,445 - __main__ - INFO - Data refresh completed successfully
2025-06-06 15:23:44,328 - __main__ - INFO - Refreshing market data...
2025-06-06 15:23:46,973 - __main__ - WARNING - Risk assessment failed: 'RiskManager' object has no attribute 'detect_market_anomalies'
2025-06-06 15:23:46,973 - __main__ - INFO - Data refresh completed successfully
2025-06-06 15:23:50,451 - __main__ - INFO - Refreshing market data...
2025-06-06 15:23:58,473 - __main__ - WARNING - Risk assessment failed: 'RiskManager' object has no attribute 'detect_market_anomalies'
2025-06-06 15:23:58,473 - __main__ - INFO - Data refresh completed successfully
2025-06-06 15:24:46,975 - __main__ - INFO - Refreshing market data...
2025-06-06 15:24:58,474 - __main__ - INFO - Refreshing market data...
2025-06-06 15:24:59,789 - __main__ - WARNING - Risk assessment failed: 'RiskManager' object has no attribute 'detect_market_anomalies'
2025-06-06 15:24:59,790 - __main__ - INFO - Data refresh completed successfully
2025-06-06 15:25:00,694 - __main__ - WARNING - Risk assessment failed: 'RiskManager' object has no attribute 'detect_market_anomalies'
2025-06-06 15:25:00,694 - __main__ - INFO - Data refresh completed successfully
2025-06-06 15:25:34,434 - werkzeug - INFO - 127.0.0.1 - - [06/Jun/2025 15:25:34] "GET /api/signals HTTP/1.1" 200 -
2025-06-06 15:25:34,698 - werkzeug - INFO - 127.0.0.1 - - [06/Jun/2025 15:25:34] "GET /api/signals HTTP/1.1" 200 -
2025-06-06 15:25:34,744 - werkzeug - INFO - 127.0.0.1 - - [06/Jun/2025 15:25:34] "GET /api/signals HTTP/1.1" 200 -
2025-06-06 15:25:35,011 - werkzeug - INFO - 127.0.0.1 - - [06/Jun/2025 15:25:35] "GET /api/signals HTTP/1.1" 200 -
2025-06-06 15:25:57,678 - werkzeug - INFO - 127.0.0.1 - - [06/Jun/2025 15:25:57] "GET /api/signals HTTP/1.1" 200 -
2025-06-06 15:25:57,986 - werkzeug - INFO - 127.0.0.1 - - [06/Jun/2025 15:25:57] "GET /api/signals HTTP/1.1" 200 -
2025-06-06 15:25:58,250 - werkzeug - INFO - 127.0.0.1 - - [06/Jun/2025 15:25:58] "GET /api/signals HTTP/1.1" 200 -
2025-06-06 15:25:58,304 - werkzeug - INFO - 127.0.0.1 - - [06/Jun/2025 15:25:58] "GET /api/signals HTTP/1.1" 200 -
2025-06-06 15:25:59,792 - __main__ - INFO - Refreshing market data...
2025-06-06 15:26:00,697 - __main__ - INFO - Refreshing market data...
2025-06-06 15:26:07,508 - __main__ - WARNING - Risk assessment failed: 'RiskManager' object has no attribute 'detect_market_anomalies'
2025-06-06 15:26:07,509 - __main__ - INFO - Data refresh completed successfully
2025-06-06 15:26:08,134 - __main__ - WARNING - Risk assessment failed: 'RiskManager' object has no attribute 'detect_market_anomalies'
2025-06-06 15:26:08,134 - __main__ - INFO - Data refresh completed successfully
2025-06-06 15:26:11,818 - werkzeug - INFO - 127.0.0.1 - - [06/Jun/2025 15:26:11] "GET /api/signals HTTP/1.1" 200 -
2025-06-06 15:26:12,128 - werkzeug - INFO - 127.0.0.1 - - [06/Jun/2025 15:26:12] "GET /api/signals HTTP/1.1" 200 -
2025-06-06 15:26:12,396 - werkzeug - INFO - 127.0.0.1 - - [06/Jun/2025 15:26:12] "GET /api/signals HTTP/1.1" 200 -
2025-06-06 15:26:12,441 - werkzeug - INFO - 127.0.0.1 - - [06/Jun/2025 15:26:12] "GET /api/signals HTTP/1.1" 200 -
2025-06-06 15:26:37,642 - __main__ - INFO - Refreshing market data...
2025-06-06 15:26:37,660 - werkzeug - INFO - [31m[1mWARNING: This is a development server. Do not use it in a production deployment. Use a production WSGI server instead.[0m
 * Running on all addresses (0.0.0.0)
 * Running on http://127.0.0.1:5000
 * Running on http://192.168.85.175:5000
2025-06-06 15:26:37,661 - werkzeug - INFO - [33mPress CTRL+C to quit[0m
2025-06-06 15:26:37,662 - werkzeug - INFO -  * Restarting with stat
2025-06-06 15:26:39,170 - __main__ - INFO - Refreshing market data...
2025-06-06 15:26:39,184 - werkzeug - WARNING -  * Debugger is active!
2025-06-06 15:26:39,187 - werkzeug - INFO -  * Debugger PIN: 948-022-834
2025-06-06 15:26:44,238 - __main__ - WARNING - Risk assessment failed: 'RiskManager' object has no attribute 'detect_market_anomalies'
2025-06-06 15:26:44,239 - __main__ - INFO - Data refresh completed successfully
2025-06-06 15:26:45,766 - __main__ - WARNING - Risk assessment failed: 'RiskManager' object has no attribute 'detect_market_anomalies'
2025-06-06 15:26:45,767 - __main__ - INFO - Data refresh completed successfully
2025-06-06 15:26:56,059 - werkzeug - INFO - 127.0.0.1 - - [06/Jun/2025 15:26:56] "GET /api/signals HTTP/1.1" 200 -
2025-06-06 15:26:56,323 - werkzeug - INFO - 127.0.0.1 - - [06/Jun/2025 15:26:56] "GET /api/signals HTTP/1.1" 200 -
2025-06-06 15:26:56,370 - werkzeug - INFO - 127.0.0.1 - - [06/Jun/2025 15:26:56] "GET /api/signals HTTP/1.1" 200 -
2025-06-06 15:26:56,637 - werkzeug - INFO - 127.0.0.1 - - [06/Jun/2025 15:26:56] "GET /api/signals HTTP/1.1" 200 -
2025-06-06 15:27:44,239 - __main__ - INFO - Refreshing market data...
2025-06-06 15:27:45,768 - __main__ - INFO - Refreshing market data...
2025-06-06 15:27:58,495 - __main__ - WARNING - Risk assessment failed: 'RiskManager' object has no attribute 'detect_market_anomalies'
2025-06-06 15:27:58,495 - __main__ - INFO - Data refresh completed successfully
2025-06-06 15:28:07,243 - __main__ - WARNING - Risk assessment failed: 'RiskManager' object has no attribute 'detect_market_anomalies'
2025-06-06 15:28:07,244 - __main__ - INFO - Data refresh completed successfully
2025-06-06 21:22:02,256 - __main__ - INFO - Refreshing market data...
2025-06-06 21:22:02,263 - __main__ - INFO - Data refresh completed successfully
2025-06-06 21:22:02,371 - werkzeug - INFO - [31m[1mWARNING: This is a development server. Do not use it in a production deployment. Use a production WSGI server instead.[0m
 * Running on all addresses (0.0.0.0)
 * Running on http://127.0.0.1:5000
 * Running on http://192.168.29.14:5000
2025-06-06 21:22:02,372 - werkzeug - INFO - [33mPress CTRL+C to quit[0m
2025-06-06 21:22:02,376 - werkzeug - INFO -  * Restarting with stat
2025-06-06 21:22:03,401 - __main__ - INFO - Refreshing market data...
2025-06-06 21:22:03,410 - __main__ - INFO - Data refresh completed successfully
2025-06-06 21:22:03,507 - werkzeug - WARNING -  * Debugger is active!
2025-06-06 21:22:03,523 - werkzeug - INFO -  * Debugger PIN: 122-998-069
2025-06-06 21:22:15,833 - werkzeug - INFO - 127.0.0.1 - - [06/Jun/2025 21:22:15] "[33mGET / HTTP/1.1[0m" 404 -
2025-06-06 21:22:16,092 - werkzeug - INFO - 127.0.0.1 - - [06/Jun/2025 21:22:16] "[33mGET /favicon.ico HTTP/1.1[0m" 404 -
2025-06-06 21:23:02,265 - __main__ - INFO - Refreshing market data...
2025-06-06 21:23:02,266 - __main__ - INFO - Data refresh completed successfully
2025-06-06 21:23:03,411 - __main__ - INFO - Refreshing market data...
2025-06-06 21:23:03,412 - __main__ - INFO - Data refresh completed successfully
2025-06-06 21:24:02,268 - __main__ - INFO - Refreshing market data...
2025-06-06 21:24:02,269 - __main__ - INFO - Data refresh completed successfully
2025-06-06 21:24:03,414 - __main__ - INFO - Refreshing market data...
2025-06-06 21:24:03,415 - __main__ - INFO - Data refresh completed successfully
2025-06-06 21:25:02,270 - __main__ - INFO - Refreshing market data...
2025-06-06 21:25:02,270 - __main__ - INFO - Data refresh completed successfully
2025-06-06 21:25:03,416 - __main__ - INFO - Refreshing market data...
2025-06-06 21:25:03,417 - __main__ - INFO - Data refresh completed successfully
2025-06-06 21:26:02,271 - __main__ - INFO - Refreshing market data...
2025-06-06 21:26:02,271 - __main__ - INFO - Data refresh completed successfully
2025-06-06 21:26:03,418 - __main__ - INFO - Refreshing market data...
2025-06-06 21:26:03,418 - __main__ - INFO - Data refresh completed successfully
2025-06-06 21:27:02,278 - __main__ - INFO - Refreshing market data...
2025-06-06 21:27:02,284 - __main__ - INFO - Data refresh completed successfully
2025-06-06 21:27:03,422 - __main__ - INFO - Refreshing market data...
2025-06-06 21:27:03,424 - __main__ - INFO - Data refresh completed successfully
2025-06-06 21:28:02,294 - __main__ - INFO - Refreshing market data...
2025-06-06 21:28:02,304 - __main__ - INFO - Data refresh completed successfully
2025-06-06 21:28:03,430 - __main__ - INFO - Refreshing market data...
2025-06-06 21:28:03,430 - __main__ - INFO - Data refresh completed successfully
2025-06-06 21:29:02,317 - __main__ - INFO - Refreshing market data...
2025-06-06 21:29:02,321 - __main__ - INFO - Data refresh completed successfully
2025-06-06 21:29:03,437 - __main__ - INFO - Refreshing market data...
2025-06-06 21:29:03,444 - __main__ - INFO - Data refresh completed successfully
2025-06-06 21:30:02,330 - __main__ - INFO - Refreshing market data...
2025-06-06 21:30:02,330 - __main__ - INFO - Data refresh completed successfully
2025-06-06 21:30:03,452 - __main__ - INFO - Refreshing market data...
2025-06-06 21:30:03,453 - __main__ - INFO - Data refresh completed successfully
2025-06-06 21:31:02,331 - __main__ - INFO - Refreshing market data...
2025-06-06 21:31:02,332 - __main__ - INFO - Data refresh completed successfully
2025-06-06 21:31:03,455 - __main__ - INFO - Refreshing market data...
2025-06-06 21:31:03,457 - __main__ - INFO - Data refresh completed successfully
2025-06-06 21:32:02,333 - __main__ - INFO - Refreshing market data...
2025-06-06 21:32:02,334 - __main__ - INFO - Data refresh completed successfully
2025-06-06 21:32:03,458 - __main__ - INFO - Refreshing market data...
2025-06-06 21:32:03,459 - __main__ - INFO - Data refresh completed successfully
2025-06-06 21:32:36,873 - werkzeug - INFO - 127.0.0.1 - - [06/Jun/2025 21:32:36] "[33mGET /favicon.ico HTTP/1.1[0m" 404 -
2025-06-06 21:32:36,878 - werkzeug - INFO - 127.0.0.1 - - [06/Jun/2025 21:32:36] "GET /api/signals HTTP/1.1" 200 -
2025-06-06 21:32:37,128 - werkzeug - INFO - 127.0.0.1 - - [06/Jun/2025 21:32:37] "GET /api/signals HTTP/1.1" 200 -
2025-06-06 21:32:37,187 - werkzeug - INFO - 127.0.0.1 - - [06/Jun/2025 21:32:37] "GET /api/signals HTTP/1.1" 200 -
2025-06-06 21:32:37,435 - werkzeug - INFO - 127.0.0.1 - - [06/Jun/2025 21:32:37] "GET /api/signals HTTP/1.1" 200 -
2025-06-06 21:33:02,335 - __main__ - INFO - Refreshing market data...
2025-06-06 21:33:02,336 - __main__ - INFO - Data refresh completed successfully
2025-06-06 21:33:03,460 - __main__ - INFO - Refreshing market data...
2025-06-06 21:33:03,462 - __main__ - INFO - Data refresh completed successfully
2025-06-06 21:34:02,337 - __main__ - INFO - Refreshing market data...
2025-06-06 21:34:02,337 - __main__ - INFO - Data refresh completed successfully
2025-06-06 21:34:03,463 - __main__ - INFO - Refreshing market data...
2025-06-06 21:34:03,463 - __main__ - INFO - Data refresh completed successfully
2025-06-06 21:35:02,339 - __main__ - INFO - Refreshing market data...
2025-06-06 21:35:02,339 - __main__ - INFO - Data refresh completed successfully
2025-06-06 21:35:03,466 - __main__ - INFO - Refreshing market data...
2025-06-06 21:35:03,466 - __main__ - INFO - Data refresh completed successfully
2025-06-06 21:36:02,341 - __main__ - INFO - Refreshing market data...
2025-06-06 21:36:02,342 - __main__ - INFO - Data refresh completed successfully
2025-06-06 21:36:03,467 - __main__ - INFO - Refreshing market data...
2025-06-06 21:36:03,469 - __main__ - INFO - Data refresh completed successfully
2025-06-06 21:37:02,343 - __main__ - INFO - Refreshing market data...
2025-06-06 21:37:02,344 - __main__ - INFO - Data refresh completed successfully
2025-06-06 21:37:03,470 - __main__ - INFO - Refreshing market data...
2025-06-06 21:37:03,471 - __main__ - INFO - Data refresh completed successfully
2025-06-06 21:38:02,345 - __main__ - INFO - Refreshing market data...
2025-06-06 21:38:02,346 - __main__ - INFO - Data refresh completed successfully
2025-06-06 21:38:03,472 - __main__ - INFO - Refreshing market data...
2025-06-06 21:38:03,473 - __main__ - INFO - Data refresh completed successfully
2025-06-06 21:39:02,347 - __main__ - INFO - Refreshing market data...
2025-06-06 21:39:02,348 - __main__ - INFO - Data refresh completed successfully
2025-06-06 21:39:03,474 - __main__ - INFO - Refreshing market data...
2025-06-06 21:39:03,474 - __main__ - INFO - Data refresh completed successfully
2025-06-06 21:40:02,349 - __main__ - INFO - Refreshing market data...
2025-06-06 21:40:02,349 - __main__ - INFO - Data refresh completed successfully
2025-06-06 21:40:03,475 - __main__ - INFO - Refreshing market data...
2025-06-06 21:40:03,475 - __main__ - INFO - Data refresh completed successfully
2025-06-06 21:41:02,350 - __main__ - INFO - Refreshing market data...
2025-06-06 21:41:02,351 - __main__ - INFO - Data refresh completed successfully
2025-06-06 21:41:03,477 - __main__ - INFO - Refreshing market data...
2025-06-06 21:41:03,477 - __main__ - INFO - Data refresh completed successfully
2025-06-06 21:42:02,352 - __main__ - INFO - Refreshing market data...
2025-06-06 21:42:02,352 - __main__ - INFO - Data refresh completed successfully
2025-06-06 21:42:03,478 - __main__ - INFO - Refreshing market data...
2025-06-06 21:42:03,478 - __main__ - INFO - Data refresh completed successfully
2025-06-06 21:43:02,353 - __main__ - INFO - Refreshing market data...
2025-06-06 21:43:02,354 - __main__ - INFO - Data refresh completed successfully
2025-06-06 21:43:03,480 - __main__ - INFO - Refreshing market data...
2025-06-06 21:43:03,481 - __main__ - INFO - Data refresh completed successfully
2025-06-06 21:44:02,354 - __main__ - INFO - Refreshing market data...
2025-06-06 21:44:02,355 - __main__ - INFO - Data refresh completed successfully
2025-06-06 21:44:03,482 - __main__ - INFO - Refreshing market data...
2025-06-06 21:44:03,482 - __main__ - INFO - Data refresh completed successfully
2025-06-06 21:45:02,357 - __main__ - INFO - Refreshing market data...
2025-06-06 21:45:02,358 - __main__ - INFO - Data refresh completed successfully
2025-06-06 21:45:03,483 - __main__ - INFO - Refreshing market data...
2025-06-06 21:45:03,484 - __main__ - INFO - Data refresh completed successfully
2025-06-06 21:46:02,359 - __main__ - INFO - Refreshing market data...
2025-06-06 21:46:02,361 - __main__ - INFO - Data refresh completed successfully
2025-06-06 21:46:03,486 - __main__ - INFO - Refreshing market data...
2025-06-06 21:46:03,488 - __main__ - INFO - Data refresh completed successfully
2025-06-06 21:47:02,362 - __main__ - INFO - Refreshing market data...
2025-06-06 21:47:02,364 - __main__ - INFO - Data refresh completed successfully
2025-06-06 21:47:03,489 - __main__ - INFO - Refreshing market data...
2025-06-06 21:47:03,490 - __main__ - INFO - Data refresh completed successfully
2025-06-06 21:48:02,365 - __main__ - INFO - Refreshing market data...
2025-06-06 21:48:02,366 - __main__ - INFO - Data refresh completed successfully
2025-06-06 21:48:03,491 - __main__ - INFO - Refreshing market data...
2025-06-06 21:48:03,491 - __main__ - INFO - Data refresh completed successfully
2025-06-06 21:49:02,367 - __main__ - INFO - Refreshing market data...
2025-06-06 21:49:02,369 - __main__ - INFO - Data refresh completed successfully
2025-06-06 21:49:03,493 - __main__ - INFO - Refreshing market data...
2025-06-06 21:49:03,494 - __main__ - INFO - Data refresh completed successfully
2025-06-06 21:50:02,370 - __main__ - INFO - Refreshing market data...
2025-06-06 21:50:02,371 - __main__ - INFO - Data refresh completed successfully
2025-06-06 21:50:03,495 - __main__ - INFO - Refreshing market data...
2025-06-06 21:50:03,496 - __main__ - INFO - Data refresh completed successfully
2025-06-06 21:51:02,373 - __main__ - INFO - Refreshing market data...
2025-06-06 21:51:02,374 - __main__ - INFO - Data refresh completed successfully
2025-06-06 21:51:03,497 - __main__ - INFO - Refreshing market data...
2025-06-06 21:51:03,498 - __main__ - INFO - Data refresh completed successfully
2025-06-06 21:52:02,375 - __main__ - INFO - Refreshing market data...
2025-06-06 21:52:02,375 - __main__ - INFO - Data refresh completed successfully
2025-06-06 21:52:03,500 - __main__ - INFO - Refreshing market data...
2025-06-06 21:52:03,501 - __main__ - INFO - Data refresh completed successfully
2025-06-06 21:53:02,376 - __main__ - INFO - Refreshing market data...
2025-06-06 21:53:02,377 - __main__ - INFO - Data refresh completed successfully
2025-06-06 21:53:03,502 - __main__ - INFO - Refreshing market data...
2025-06-06 21:53:03,502 - __main__ - INFO - Data refresh completed successfully
2025-06-06 21:54:02,379 - __main__ - INFO - Refreshing market data...
2025-06-06 21:54:02,380 - __main__ - INFO - Data refresh completed successfully
2025-06-06 21:54:03,504 - __main__ - INFO - Refreshing market data...
2025-06-06 21:54:03,505 - __main__ - INFO - Data refresh completed successfully
2025-06-06 21:55:02,381 - __main__ - INFO - Refreshing market data...
2025-06-06 21:55:02,382 - __main__ - INFO - Data refresh completed successfully
2025-06-06 21:55:03,507 - __main__ - INFO - Refreshing market data...
2025-06-06 21:55:03,507 - __main__ - INFO - Data refresh completed successfully
2025-06-06 21:56:02,383 - __main__ - INFO - Refreshing market data...
2025-06-06 21:56:02,383 - __main__ - INFO - Data refresh completed successfully
2025-06-06 21:56:03,509 - __main__ - INFO - Refreshing market data...
2025-06-06 21:56:03,510 - __main__ - INFO - Data refresh completed successfully
2025-06-06 21:57:02,384 - __main__ - INFO - Refreshing market data...
2025-06-06 21:57:02,385 - __main__ - INFO - Data refresh completed successfully
2025-06-06 21:57:03,512 - __main__ - INFO - Refreshing market data...
2025-06-06 21:57:03,512 - __main__ - INFO - Data refresh completed successfully
2025-06-06 21:58:02,387 - __main__ - INFO - Refreshing market data...
2025-06-06 21:58:02,388 - __main__ - INFO - Data refresh completed successfully
2025-06-06 21:58:03,513 - __main__ - INFO - Refreshing market data...
2025-06-06 21:58:03,513 - __main__ - INFO - Data refresh completed successfully
2025-06-06 21:59:02,390 - __main__ - INFO - Refreshing market data...
2025-06-06 21:59:02,390 - __main__ - INFO - Data refresh completed successfully
2025-06-06 21:59:03,514 - __main__ - INFO - Refreshing market data...
2025-06-06 21:59:03,515 - __main__ - INFO - Data refresh completed successfully
2025-06-06 22:00:02,391 - __main__ - INFO - Refreshing market data...
2025-06-06 22:00:02,392 - __main__ - INFO - Data refresh completed successfully
2025-06-06 22:00:03,516 - __main__ - INFO - Refreshing market data...
2025-06-06 22:00:03,516 - __main__ - INFO - Data refresh completed successfully
2025-06-06 22:00:10,327 - werkzeug - INFO -  * Detected change in 'C:\\Home\\semester2\\CryptoRizz\\signalstack-rebalancing-bot\\backend\\bot.py', reloading
2025-06-06 22:00:10,444 - werkzeug - INFO -  * Restarting with stat
2025-06-06 22:00:11,095 - __main__ - INFO - Refreshing market data...
2025-06-06 22:00:11,098 - __main__ - INFO - Data refresh completed successfully
2025-06-06 22:00:11,142 - werkzeug - WARNING -  * Debugger is active!
2025-06-06 22:00:11,150 - werkzeug - INFO -  * Debugger PIN: 122-998-069
2025-06-06 22:01:02,394 - __main__ - INFO - Refreshing market data...
2025-06-06 22:01:02,396 - __main__ - INFO - Data refresh completed successfully
2025-06-06 22:01:11,099 - __main__ - INFO - Refreshing market data...
2025-06-06 22:01:11,099 - __main__ - INFO - Data refresh completed successfully
2025-06-06 22:02:02,397 - __main__ - INFO - Refreshing market data...
2025-06-06 22:02:02,398 - __main__ - INFO - Data refresh completed successfully
2025-06-06 22:02:11,100 - __main__ - INFO - Refreshing market data...
2025-06-06 22:02:11,102 - __main__ - INFO - Data refresh completed successfully
2025-06-06 22:03:02,399 - __main__ - INFO - Refreshing market data...
2025-06-06 22:03:02,401 - __main__ - INFO - Data refresh completed successfully
2025-06-06 22:03:11,104 - __main__ - INFO - Refreshing market data...
2025-06-06 22:03:11,104 - __main__ - INFO - Data refresh completed successfully
2025-06-06 22:03:33,577 - werkzeug - INFO -  * Detected change in 'C:\\Home\\semester2\\CryptoRizz\\signalstack-rebalancing-bot\\backend\\bot.py', reloading
2025-06-06 22:03:33,628 - werkzeug - INFO -  * Restarting with stat
2025-06-06 22:03:34,060 - __main__ - INFO - Refreshing market data...
2025-06-06 22:03:34,063 - __main__ - INFO - Data refresh completed successfully
2025-06-06 22:03:34,127 - werkzeug - WARNING -  * Debugger is active!
2025-06-06 22:03:34,136 - werkzeug - INFO -  * Debugger PIN: 122-998-069
2025-06-06 22:03:37,167 - werkzeug - INFO -  * Detected change in 'C:\\Home\\semester2\\CryptoRizz\\signalstack-rebalancing-bot\\backend\\bot.py', reloading
2025-06-06 22:03:37,227 - werkzeug - INFO -  * Restarting with stat
2025-06-06 22:03:37,633 - __main__ - INFO - Refreshing market data...
2025-06-06 22:03:37,637 - __main__ - INFO - Data refresh completed successfully
2025-06-06 22:03:37,666 - werkzeug - WARNING -  * Debugger is active!
2025-06-06 22:03:37,672 - werkzeug - INFO -  * Debugger PIN: 122-998-069
2025-06-06 22:04:02,403 - __main__ - INFO - Refreshing market data...
2025-06-06 22:04:02,404 - __main__ - INFO - Data refresh completed successfully
2025-06-06 22:04:37,638 - __main__ - INFO - Refreshing market data...
2025-06-06 22:04:37,640 - __main__ - INFO - Data refresh completed successfully
2025-06-06 22:04:49,251 - werkzeug - INFO -  * Detected change in 'C:\\Home\\semester2\\CryptoRizz\\signalstack-rebalancing-bot\\backend\\bot.py', reloading
2025-06-06 22:04:49,333 - werkzeug - INFO -  * Restarting with stat
2025-06-06 22:04:49,762 - __main__ - INFO - Refreshing market data...
2025-06-06 22:04:49,767 - __main__ - INFO - Data refresh completed successfully
2025-06-06 22:04:49,804 - werkzeug - WARNING -  * Debugger is active!
2025-06-06 22:04:49,811 - werkzeug - INFO -  * Debugger PIN: 122-998-069
2025-06-06 22:04:54,856 - werkzeug - INFO -  * Detected change in 'C:\\Home\\semester2\\CryptoRizz\\signalstack-rebalancing-bot\\backend\\bot.py', reloading
2025-06-06 22:04:54,893 - werkzeug - INFO -  * Restarting with stat
2025-06-06 22:04:55,356 - __main__ - INFO - Refreshing market data...
2025-06-06 22:04:55,359 - __main__ - INFO - Data refresh completed successfully
2025-06-06 22:04:55,399 - werkzeug - WARNING -  * Debugger is active!
2025-06-06 22:04:55,406 - werkzeug - INFO -  * Debugger PIN: 122-998-069
2025-06-06 22:05:02,405 - __main__ - INFO - Refreshing market data...
2025-06-06 22:05:02,406 - __main__ - INFO - Data refresh completed successfully
2025-06-06 22:05:55,361 - __main__ - INFO - Refreshing market data...
2025-06-06 22:05:55,362 - __main__ - INFO - Data refresh completed successfully
2025-06-06 22:06:02,407 - __main__ - INFO - Refreshing market data...
2025-06-06 22:06:02,409 - __main__ - INFO - Data refresh completed successfully
2025-06-06 22:06:37,132 - werkzeug - INFO -  * Detected change in 'C:\\Home\\semester2\\CryptoRizz\\signalstack-rebalancing-bot\\backend\\bot.py', reloading
2025-06-06 22:06:37,172 - werkzeug - INFO -  * Restarting with stat
2025-06-06 22:06:37,612 - __main__ - INFO - Refreshing market data...
2025-06-06 22:06:37,619 - __main__ - INFO - Data refresh completed successfully
2025-06-06 22:06:37,657 - werkzeug - WARNING -  * Debugger is active!
2025-06-06 22:06:37,665 - werkzeug - INFO -  * Debugger PIN: 122-998-069
2025-06-06 22:06:44,721 - werkzeug - INFO -  * Detected change in 'C:\\Home\\semester2\\CryptoRizz\\signalstack-rebalancing-bot\\backend\\bot.py', reloading
2025-06-06 22:06:44,781 - werkzeug - INFO -  * Restarting with stat
2025-06-06 22:06:45,309 - __main__ - INFO - Refreshing market data...
2025-06-06 22:06:45,312 - __main__ - INFO - Data refresh completed successfully
2025-06-06 22:06:45,346 - werkzeug - WARNING -  * Debugger is active!
2025-06-06 22:06:45,353 - werkzeug - INFO -  * Debugger PIN: 122-998-069
